<?xml version="1.0" encoding="UTF-8"?>
<!-- Generated by org.testng.reporters.JUnitReportReporter -->
<testsuite hostname="DESKTOP-A4C41UP" failures="0" tests="2" name="com.selenium.testing1.MySecondTest" time="0.000" errors="0" timestamp="2024-06-03T17:57:08 IST" skipped="0">
  <testcase classname="com.selenium.testing1.MySecondTest" name="thirdRunTest" time="0.000"/>
  <testcase classname="com.selenium.testing1.MySecondTest" name="fourthRunTest" time="0.000"/>
</testsuite> <!-- com.selenium.testing1.MySecondTest -->
