<?xml version="1.0" encoding="UTF-8"?>
<!-- Generated by org.testng.reporters.JUnitReportReporter -->
<testsuite hostname="DESKTOP-A4C41UP" failures="0" tests="2" name="com.selenium.testing.MyNewTest" time="0.002" errors="0" timestamp="2024-06-03T17:56:34 IST" skipped="0">
  <testcase classname="com.selenium.testing.MyNewTest" name="firstRunTest" time="0.002"/>
  <testcase classname="com.selenium.testing.MyNewTest" name="secondRunTest" time="0.000"/>
</testsuite> <!-- com.selenium.testing.MyNewTest -->
